<?xml version="1.0" encoding="UTF-8"?>
<testsuite name="Challenge Sistecredito" tests="1" skipped="0" failures="0" errors="0" timestamp="2022-03-31T21:43:42" hostname="CHMEPF35EB5X" time="41.933">
  <properties/>
  <testcase name="Enter products and finalize purchase" classname="Challenge Sistecredito" time="41.933"/>
  <system-out><![CDATA[]]></system-out>
  <system-err><![CDATA[Starting ChromeDriver 99.0.4844.51 (d537ec02474b5afe23684e7963d538896c63ac77-refs/branch-heads/4844@{#875}) on port 54384
Only local connections are allowed.
Please see https://chromedriver.chromium.org/security-considerations for suggestions on keeping ChromeDriver safe.
ChromeDriver was started successfully.
mar 31, 2022 4:43:46 PM org.openqa.selenium.remote.ProtocolHandshake createSession
INFORMACIÓN: Detected dialect: W3C
mar 31, 2022 4:43:46 PM org.openqa.selenium.devtools.CdpVersionFinder findNearestMatch
ADVERTENCIA: Unable to find an exact match for CDP version 99, so returning the closest version found: 97
mar 31, 2022 4:43:46 PM org.openqa.selenium.devtools.CdpVersionFinder findNearestMatch
INFORMACIÓN: Found CDP implementation for version 99 of 97
]]></system-err>
</testsuite>
